[INFO ] 2024-10-22 20:18:02.814 [main] c.e.g.a.s.r.CryptoManager - Current security provider list: SUN, SunRsaSign, SunEC, SunJSSE, SunJCE, SunJGSS, SunSASL, XMLDSig, SunPCSC, JdkLDAP, JdkSASL, SunMSCAPI, SunPKCS11
[INFO ] 2024-10-22 20:18:02.820 [main] c.e.g.a.s.r.CryptoManager - New security provider list: SUN, SunRsaSign, SunEC, SunJSSE, SunJCE, SunJGSS, SunSASL, XMLDSig, SunPCSC, JdkLDAP, JdkSASL, SunMSCAPI, SunPKCS11
[INFO ] 2024-10-22 20:18:02.932 [main] c.e.g.a.s.r.SystemCertificatesReader - Loaded certificates with aliases: [thawte, Sectigo (AAA), Sectigo (formerly Comodo CA), Sectigo (UTN Object), DigiCert (2), Microsoft ECC TS Root Certificate Authority 2018, DigiCert Baltimore Root, Starfield Class 2 Certification Authority, ISRG Root X1, Sectigo (AddTrust), Certum Trusted Network CA, Thawte Timestamping CA, Microsoft Authenticode(tm) Root, DigiCert, Microsoft Root Certificate Authority 2011, GlobalSign Root CA - R3, Sectigo, GlobalSign Root CA - R1, Hotspot 2.0 Trust Root CA - 03, Microsoft Timestamp Root, VeriSign Class 3 Public Primary CA, VeriSign Time Stamping CA, DigiCert Global Root G2, QuoVadis Root Certification Authority, Microsoft Root Authority, DigiCert (1), DigiCert Global Root G3, Microsoft RSA Root Certificate Authority 2017, Symantec Enterprise Mobile Root for Microsoft, Microsoft Root Certificate Authority, Microsoft ECC Product Root Certificate Authority 2018, Microsoft Time Stamp Root Certificate Authority 2014, Microsoft Root Certificate Authority 2010, DigiCert Trusted Root G4]
[INFO ] 2024-10-22 20:18:02.957 [main] c.e.g.e.c.i.p.ConsoleExecutionStep - [ExecuteScript]: done!
[ERROR] 2024-10-22 20:21:37.889 [main] c.e.g.e.c.i.p.LastStep - Ошибки компиляции скрипта:
c:\Users\lehrer\Desktop\Скрипты\Executor1C_olympics\lesson5.sbsl:
Неизвестный метод "Console.Заисать" [24:5]
com.e1c.g5rt.xbsl.api.CompilationException: c:\Users\lehrer\Desktop\Скрипты\Executor1C_olympics\lesson5.sbsl:
Неизвестный метод "Console.Заисать" [24:5]
	at com.e1c.g5rt.executor.modules.runtime.ExecutorEnvironmentService.createEnvironment(ExecutorEnvironmentService.java:41)
	at com.e1c.g5rt.executor.core.internal.command.ExecuteScriptCommand.executeCommand(ExecuteScriptCommand.java:87)
	at com.e1c.g5rt.executor.core.Executor.executeCommand(Executor.java:25)
	at com.e1c.g5rt.executor.client.internal.parser.ConsoleExecutionStep.perform(ConsoleExecutionStep.java:62)
	at com.e1c.g5rt.executor.client.internal.parser.AbstractStep.run(AbstractStep.java:26)
	at com.e1c.g5rt.executor.client.internal.parser.ConsoleExecutionStep.run(ConsoleExecutionStep.java:30)
	at com.e1c.g5rt.executor.client.internal.parser.AbstractStep.run(AbstractStep.java:35)
	at com.e1c.g5rt.executor.client.internal.parser.ParseMethodArgumentsStep.run(ParseMethodArgumentsStep.java:18)
	at com.e1c.g5rt.executor.client.internal.parser.AbstractStep.run(AbstractStep.java:35)
	at com.e1c.g5rt.executor.client.internal.parser.ParseScriptPathAndMethodStep.run(ParseScriptPathAndMethodStep.java:14)
	at com.e1c.g5rt.executor.client.internal.parser.AbstractStep.run(AbstractStep.java:35)
	at com.e1c.g5rt.executor.client.internal.parser.CheckEmptyParamsStep.run(CheckEmptyParamsStep.java:14)
	at com.e1c.g5rt.executor.client.internal.parser.AbstractStep.run(AbstractStep.java:35)
	at com.e1c.g5rt.executor.client.internal.parser.FirstStep.run(FirstStep.java:12)
	at com.e1c.g5rt.executor.client.ConsoleExecutor.run(ConsoleExecutor.java:66)
	at java.base/jdk.internal.reflect.NativeMethodAccessorImpl.invoke0(Native Method)
	at java.base/jdk.internal.reflect.NativeMethodAccessorImpl.invoke(NativeMethodAccessorImpl.java:62)
	at java.base/jdk.internal.reflect.DelegatingMethodAccessorImpl.invoke(DelegatingMethodAccessorImpl.java:43)
	at java.base/java.lang.reflect.Method.invoke(Method.java:566)
	at com.e1c.g5rt.executor.boot.ExecutorBootstrap.boot(ExecutorBootstrap.java:51)
	at com.e1c.g5rt.executor.boot.ExecutorBootstrap.main(ExecutorBootstrap.java:17)
